# JRE version: OpenJDK Runtime Environment (22.0.2+9) (build 22.0.2+9-70)
# Java VM: OpenJDK 64-Bit Server VM (22.0.2+9-70, mixed mode, sharing, tiered, compressed oops, compressed class ptrs, g1 gc, windows-amd64)
GC Precious Log:
 CardTable entry size: 512
 Card Set container configuration: InlinePtr #cards 5 size 8 Array Of Cards #cards 12 size 40 Howl #buckets 4 coarsen threshold 1843 Howl Bitmap #cards 512 size 80 coarsen threshold 460 Card regions per heap region 1 cards per card region 2048
 CPUs: 4 total, 4 available
 Memory: 3871M
 Large Page Support: Disabled
 NUMA Support: Disabled
 Compressed Oops: Enabled (32-bit)
 Heap Region Size: 1M
 Heap Min Capacity: 8M
 Heap Initial Capacity: 62M
 Heap Max Capacity: 968M
 Pre-touch: Disabled
 Parallel Workers: 4
 Concurrent Workers: 1
 Concurrent Refinement Workers: 4
 Periodic GC: Disabled
Heap:
 garbage-first heap   total reserved 991232K, committed 63488K, used 53826K [0x00000000c3800000, 0x0000000100000000)
  region size 1024K, 20 young (20480K), 2 survivors (2048K)
 Metaspace       used 68020K, committed 68800K, reserved 1114112K
  class space    used 9320K, committed 9664K, reserved 1048576K
GC Heap History (20 events):
Event: 8.520 GC heap before
{Heap before GC invocations=5 (full 0):
 garbage-first heap   total reserved 991232K, committed 63488K, used 25474K [0x00000000c3800000, 0x0000000100000000)
  region size 1024K, 7 young (7168K), 2 survivors (2048K)
 Metaspace       used 21248K, committed 21504K, reserved 1114112K
  class space    used 2567K, committed 2688K, reserved 1048576K
}
Event: 8.523 GC heap after
{Heap after GC invocations=6 (full 0):
 garbage-first heap   total reserved 991232K, committed 63488K, used 23106K [0x00000000c3800000, 0x0000000100000000)
  region size 1024K, 3 young (3072K), 3 survivors (3072K)
 Metaspace       used 21248K, committed 21504K, reserved 1114112K
  class space    used 2567K, committed 2688K, reserved 1048576K
}
Event: 9.894 GC heap before
{Heap before GC invocations=7 (full 0):
 garbage-first heap   total reserved 991232K, committed 63488K, used 47682K [0x00000000c3800000, 0x0000000100000000)
  region size 1024K, 28 young (28672K), 3 survivors (3072K)
 Metaspace       used 23778K, committed 24064K, reserved 1114112K
  class space    used 2873K, committed 3008K, reserved 1048576K
}
Event: 9.901 GC heap after
{Heap after GC invocations=8 (full 0):
 garbage-first heap   total reserved 991232K, committed 63488K, used 24076K [0x00000000c3800000, 0x0000000100000000)
  region size 1024K, 3 young (3072K), 3 survivors (3072K)
 Metaspace       used 23778K, committed 24064K, reserved 1114112K
  class space    used 2873K, committed 3008K, reserved 1048576K
}
Event: 11.172 GC heap before
{Heap before GC invocations=8 (full 0):
 garbage-first heap   total reserved 991232K, committed 63488K, used 50700K [0x00000000c3800000, 0x0000000100000000)
  region size 1024K, 29 young (29696K), 3 survivors (3072K)
 Metaspace       used 27874K, committed 28224K, reserved 1114112K
  class space    used 3567K, committed 3712K, reserved 1048576K
}
Event: 11.183 GC heap after
{Heap after GC invocations=9 (full 0):
 garbage-first heap   total reserved 991232K, committed 63488K, used 25143K [0x00000000c3800000, 0x0000000100000000)
  region size 1024K, 2 young (2048K), 2 survivors (2048K)
 Metaspace       used 27874K, committed 28224K, reserved 1114112K
  class space    used 3567K, committed 3712K, reserved 1048576K
}
Event: 12.217 GC heap before
{Heap before GC invocations=9 (full 0):
 garbage-first heap   total reserved 991232K, committed 63488K, used 52791K [0x00000000c3800000, 0x0000000100000000)
  region size 1024K, 29 young (29696K), 2 survivors (2048K)
 Metaspace       used 33377K, committed 33856K, reserved 1114112K
  class space    used 4320K, committed 4544K, reserved 1048576K
}
Event: 12.228 GC heap after
{Heap after GC invocations=10 (full 0):
 garbage-first heap   total reserved 991232K, committed 63488K, used 28223K [0x00000000c3800000, 0x0000000100000000)
  region size 1024K, 4 young (4096K), 4 survivors (4096K)
 Metaspace       used 33377K, committed 33856K, reserved 1114112K
  class space    used 4320K, committed 4544K, reserved 1048576K
}
Event: 12.844 GC heap before
{Heap before GC invocations=10 (full 0):
 garbage-first heap   total reserved 991232K, committed 63488K, used 42559K [0x00000000c3800000, 0x0000000100000000)
  region size 1024K, 19 young (19456K), 4 survivors (4096K)
 Metaspace       used 35782K, committed 36288K, reserved 1114112K
  class space    used 4640K, committed 4864K, reserved 1048576K
}
Event: 12.851 GC heap after
{Heap after GC invocations=11 (full 0):
 garbage-first heap   total reserved 991232K, committed 63488K, used 29471K [0x00000000c3800000, 0x0000000100000000)
  region size 1024K, 1 young (1024K), 1 survivors (1024K)
 Metaspace       used 35782K, committed 36288K, reserved 1114112K
  class space    used 4640K, committed 4864K, reserved 1048576K
}
Event: 14.011 GC heap before
{Heap before GC invocations=12 (full 0):
 garbage-first heap   total reserved 991232K, committed 63488K, used 55071K [0x00000000c3800000, 0x0000000100000000)
  region size 1024K, 26 young (26624K), 1 survivors (1024K)
 Metaspace       used 42455K, committed 43008K, reserved 1114112K
  class space    used 5705K, committed 5952K, reserved 1048576K
}
Event: 14.018 GC heap after
{Heap after GC invocations=13 (full 0):
 garbage-first heap   total reserved 991232K, committed 63488K, used 31183K [0x00000000c3800000, 0x0000000100000000)
  region size 1024K, 3 young (3072K), 3 survivors (3072K)
 Metaspace       used 42455K, committed 43008K, reserved 1114112K
  class space    used 5705K, committed 5952K, reserved 1048576K
}
Event: 15.643 GC heap before
{Heap before GC invocations=13 (full 0):
 garbage-first heap   total reserved 991232K, committed 63488K, used 54735K [0x00000000c3800000, 0x0000000100000000)
  region size 1024K, 27 young (27648K), 3 survivors (3072K)
 Metaspace       used 51201K, committed 51776K, reserved 1114112K
  class space    used 6821K, committed 7040K, reserved 1048576K
}
Event: 15.649 GC heap after
{Heap after GC invocations=14 (full 0):
 garbage-first heap   total reserved 991232K, committed 63488K, used 32733K [0x00000000c3800000, 0x0000000100000000)
  region size 1024K, 4 young (4096K), 4 survivors (4096K)
 Metaspace       used 51201K, committed 51776K, reserved 1114112K
  class space    used 6821K, committed 7040K, reserved 1048576K
}
Event: 16.385 GC heap before
{Heap before GC invocations=14 (full 0):
 garbage-first heap   total reserved 991232K, committed 63488K, used 54237K [0x00000000c3800000, 0x0000000100000000)
  region size 1024K, 26 young (26624K), 4 survivors (4096K)
 Metaspace       used 58115K, committed 58688K, reserved 1114112K
  class space    used 7900K, committed 8128K, reserved 1048576K
}
Event: 16.391 GC heap after
{Heap after GC invocations=15 (full 0):
 garbage-first heap   total reserved 991232K, committed 63488K, used 34222K [0x00000000c3800000, 0x0000000100000000)
  region size 1024K, 2 young (2048K), 2 survivors (2048K)
 Metaspace       used 58115K, committed 58688K, reserved 1114112K
  class space    used 7900K, committed 8128K, reserved 1048576K
}
Event: 17.293 GC heap before
{Heap before GC invocations=16 (full 0):
 garbage-first heap   total reserved 991232K, committed 63488K, used 54702K [0x00000000c3800000, 0x0000000100000000)
  region size 1024K, 23 young (23552K), 2 survivors (2048K)
 Metaspace       used 63260K, committed 63872K, reserved 1114112K
  class space    used 8613K, committed 8896K, reserved 1048576K
}
Event: 17.298 GC heap after
{Heap after GC invocations=17 (full 0):
 garbage-first heap   total reserved 991232K, committed 63488K, used 35530K [0x00000000c3800000, 0x0000000100000000)
  region size 1024K, 3 young (3072K), 3 survivors (3072K)
 Metaspace       used 63260K, committed 63872K, reserved 1114112K
  class space    used 8613K, committed 8896K, reserved 1048576K
}
Event: 18.278 GC heap before
{Heap before GC invocations=17 (full 0):
 garbage-first heap   total reserved 991232K, committed 63488K, used 54986K [0x00000000c3800000, 0x0000000100000000)
  region size 1024K, 22 young (22528K), 3 survivors (3072K)
 Metaspace       used 65511K, committed 66176K, reserved 1114112K
  class space    used 8986K, committed 9280K, reserved 1048576K
}
Event: 18.287 GC heap after
{Heap after GC invocations=18 (full 0):
 garbage-first heap   total reserved 991232K, committed 63488K, used 36418K [0x00000000c3800000, 0x0000000100000000)
  region size 1024K, 2 young (2048K), 2 survivors (2048K)
 Metaspace       used 65511K, committed 66176K, reserved 1114112K
  class space    used 8986K, committed 9280K, reserved 1048576K
}

